<?xml version="1.0" encoding="UTF-8"?>
<!-- Generated by org.testng.reporters.JUnitReportReporter -->
<testsuite hostname="fdbccbae305620832caddfedbbbeone-0" failures="0" tests="1" name="runner.Testcase3" time="20.575" errors="0" timestamp="2023-09-30T11:27:09 UTC" skipped="0">
  <testcase classname="runner.Testcase3" name="cartpg" time="20.575"/>
</testsuite> <!-- runner.Testcase3 -->
