<?xml version="1.0" encoding="UTF-8"?>
<!-- Generated by org.testng.reporters.JUnitReportReporter -->
<testsuite hostname="fdbccbae305620832caddfedbbbeone-0" failures="0" tests="1" name="runner.Testcase1" time="9.648" errors="0" timestamp="2023-09-30T11:27:09 UTC" skipped="0">
  <testcase classname="runner.Testcase1" name="toyspg" time="9.648"/>
</testsuite> <!-- runner.Testcase1 -->
